<?xml version="1.0" encoding="UTF-8"?>
<!-- Generated by org.testng.reporters.JUnitXMLReporter -->
<testsuite hostname="SPICITY1161" ignored="0" name="Default test" tests="3" failures="0" timestamp="25 Oct 2019 13:43:55 GMT" time="59.686" errors="0">
  <testcase name="login" time="3.494" classname="com.EBSApplication.LoginPage"/>
  <testcase name="EBusinessSuitePage" time="4.432" classname="com.EBSApplication.LoginPage"/>
  <testcase name="Requisitions" time="27.905" classname="com.EBSApplication.LoginPage"/>
</testsuite> <!-- Default test -->
