<?xml version="1.0" encoding="UTF-8"?>
<testng-results skipped="0" failed="0" ignored="0" total="3" passed="3">
  <reporter-output>
  </reporter-output>
  <suite name="Default suite" duration-ms="59686" started-at="2019-10-25T13:42:55Z" finished-at="2019-10-25T13:43:55Z">
    <groups>
    </groups>
    <test name="Default test" duration-ms="59686" started-at="2019-10-25T13:42:55Z" finished-at="2019-10-25T13:43:55Z">
      <class name="com.EBSApplication.LoginPage">
        <test-method status="PASS" signature="launchbrowser()[pri:0, instance:com.EBSApplication.LoginPage@7d9d1a19]" name="launchbrowser" is-config="true" duration-ms="23836" started-at="2019-10-25T13:42:55Z" finished-at="2019-10-25T13:43:19Z">
          <reporter-output>
          </reporter-output>
        </test-method> <!-- launchbrowser -->
        <test-method status="PASS" signature="login()[pri:0, instance:com.EBSApplication.LoginPage@7d9d1a19]" name="login" duration-ms="3494" started-at="2019-10-25T13:43:19Z" finished-at="2019-10-25T13:43:22Z">
          <reporter-output>
          </reporter-output>
        </test-method> <!-- login -->
        <test-method status="PASS" signature="EBusinessSuitePage()[pri:1, instance:com.EBSApplication.LoginPage@7d9d1a19]" name="EBusinessSuitePage" duration-ms="4432" started-at="2019-10-25T13:43:22Z" finished-at="2019-10-25T13:43:27Z">
          <reporter-output>
          </reporter-output>
        </test-method> <!-- EBusinessSuitePage -->
        <test-method status="PASS" signature="Requisitions()[pri:2, instance:com.EBSApplication.LoginPage@7d9d1a19]" name="Requisitions" duration-ms="27905" started-at="2019-10-25T13:43:27Z" finished-at="2019-10-25T13:43:55Z">
          <reporter-output>
          </reporter-output>
        </test-method> <!-- Requisitions -->
      </class> <!-- com.EBSApplication.LoginPage -->
    </test> <!-- Default test -->
  </suite> <!-- Default suite -->
</testng-results>
