<?xml version="1.0" encoding="UTF-8"?>
<testng-results skipped="0" failed="1" ignored="0" total="3" passed="2">
  <reporter-output>
  </reporter-output>
  <suite name="Default suite" duration-ms="40420" started-at="2019-10-25T11:53:57Z" finished-at="2019-10-25T11:54:37Z">
    <groups>
    </groups>
    <test name="Default test" duration-ms="40420" started-at="2019-10-25T11:53:57Z" finished-at="2019-10-25T11:54:37Z">
      <class name="com.EBSApplication.LoginPage">
        <test-method status="PASS" signature="launchbrowser()[pri:0, instance:com.EBSApplication.LoginPage@77caeb3e]" name="launchbrowser" is-config="true" duration-ms="22650" started-at="2019-10-25T11:53:57Z" finished-at="2019-10-25T11:54:19Z">
          <reporter-output>
          </reporter-output>
        </test-method> <!-- launchbrowser -->
        <test-method status="PASS" signature="login()[pri:0, instance:com.EBSApplication.LoginPage@77caeb3e]" name="login" duration-ms="3565" started-at="2019-10-25T11:54:19Z" finished-at="2019-10-25T11:54:23Z">
          <reporter-output>
          </reporter-output>
        </test-method> <!-- login -->
        <test-method status="PASS" signature="EBusinessSuitePage()[pri:1, instance:com.EBSApplication.LoginPage@77caeb3e]" name="EBusinessSuitePage" duration-ms="4865" started-at="2019-10-25T11:54:23Z" finished-at="2019-10-25T11:54:28Z">
          <reporter-output>
          </reporter-output>
        </test-method> <!-- EBusinessSuitePage -->
        <test-method status="FAIL" signature="Requisitions()[pri:2, instance:com.EBSApplication.LoginPage@77caeb3e]" name="Requisitions" duration-ms="9312" started-at="2019-10-25T11:54:28Z" finished-at="2019-10-25T11:54:37Z">
          <exception class="java.lang.NullPointerException">
            <full-stacktrace>
              <![CDATA[java.lang.NullPointerException
at java.util.Collections$ReverseComparator.compare(Collections.java:5117)
at java.util.Collections$ReverseComparator.compare(Collections.java:5108)
at java.util.TreeMap.compare(TreeMap.java:1295)
at java.util.TreeMap.put(TreeMap.java:538)
at ExcelHandling.WebTableData.writeFunction(WebTableData.java:211)
at ExcelHandling.WebTableData.read(WebTableData.java:73)
at com.EBSApplication.LoginPage.Requisitions(LoginPage.java:113)
at sun.reflect.NativeMethodAccessorImpl.invoke0(Native Method)
at sun.reflect.NativeMethodAccessorImpl.invoke(NativeMethodAccessorImpl.java:62)
at sun.reflect.DelegatingMethodAccessorImpl.invoke(DelegatingMethodAccessorImpl.java:43)
at java.lang.reflect.Method.invoke(Method.java:498)
at org.testng.internal.MethodInvocationHelper.invokeMethod(MethodInvocationHelper.java:124)
at org.testng.internal.Invoker.invokeMethod(Invoker.java:583)
at org.testng.internal.Invoker.invokeTestMethod(Invoker.java:719)
at org.testng.internal.Invoker.invokeTestMethods(Invoker.java:989)
at org.testng.internal.TestMethodWorker.invokeTestMethods(TestMethodWorker.java:125)
at org.testng.internal.TestMethodWorker.run(TestMethodWorker.java:109)
at org.testng.TestRunner.privateRun(TestRunner.java:648)
at org.testng.TestRunner.run(TestRunner.java:505)
at org.testng.SuiteRunner.runTest(SuiteRunner.java:455)
at org.testng.SuiteRunner.runSequentially(SuiteRunner.java:450)
at org.testng.SuiteRunner.privateRun(SuiteRunner.java:415)
at org.testng.SuiteRunner.run(SuiteRunner.java:364)
at org.testng.SuiteRunnerWorker.runSuite(SuiteRunnerWorker.java:52)
at org.testng.SuiteRunnerWorker.run(SuiteRunnerWorker.java:84)
at org.testng.TestNG.runSuitesSequentially(TestNG.java:1208)
at org.testng.TestNG.runSuitesLocally(TestNG.java:1137)
at org.testng.TestNG.runSuites(TestNG.java:1049)
at org.testng.TestNG.run(TestNG.java:1017)
at org.testng.remote.AbstractRemoteTestNG.run(AbstractRemoteTestNG.java:114)
at org.testng.remote.RemoteTestNG.initAndRun(RemoteTestNG.java:251)
at org.testng.remote.RemoteTestNG.main(RemoteTestNG.java:77)
]]>
            </full-stacktrace>
          </exception> <!-- java.lang.NullPointerException -->
          <reporter-output>
          </reporter-output>
        </test-method> <!-- Requisitions -->
      </class> <!-- com.EBSApplication.LoginPage -->
    </test> <!-- Default test -->
  </suite> <!-- Default suite -->
</testng-results>
